🧬 loaded config '/etc/netbox/config/configuration.py'
🧬 loaded config '/etc/netbox/config/extra.py'
🧬 loaded config '/etc/netbox/config/logging.py'
🧬 loaded config '/etc/netbox/config/plugins.py'
✓ Created site: Xoc512 1X Dp Liq (xoc512-1x-dp-liq)

Topology Plan: Training XOC-512 1x OPG-512 Dual Plane Liquid 8srv
  ID: 42
  Status: draft
  Server Classes: 1
  Switch Classes: 6

✓ Recalculated switch quantities
  - be-plane-a-leaf: calculated=8 override=None effective=8
  - be-plane-b-leaf: calculated=8 override=None effective=8
  - fe-leaf: calculated=2 override=None effective=2
  - be-plane-a-spine: calculated=4 override=None effective=4
  - be-plane-b-spine: calculated=4 override=None effective=4
  - fe-spine: calculated=1 override=None effective=1

=== GENERATING OBJECTS ===

✓ Generation complete!

Created:
  Devices: 91
  Interfaces: 2304
  Cables: 1728

  Site: Xoc512 1X Dp Liq
  Status: planned

  Tagged with: hedgehog-generated
  Custom field: hedgehog_plan_id=42

💡 Next steps:
  - View devices in NetBox UI
  - Filter by tag: hedgehog-generated
  - Or custom field: hedgehog_plan_id=42
  - Check cable connections
🧬 loaded config '/etc/netbox/config/configuration.py'
🧬 loaded config '/etc/netbox/config/extra.py'
🧬 loaded config '/etc/netbox/config/logging.py'
🧬 loaded config '/etc/netbox/config/plugins.py'

[OK] Export complete: /tmp/ra_pipeline/training_xoc512_1xopg512_dual_plane_liquid_8srv/netbox/plan_inventory.json
  plan_id:    42
  sha256:     3ea61bef8f857805cb8521bb26d0d70bc037e3e3093a2348982cf6ea8c740a17
  bytes:      2733501
  lines:      111601
  devices:    91
  modules:    576
  interfaces: 4032
  cables:     1728
🧬 loaded config '/etc/netbox/config/configuration.py'
🧬 loaded config '/etc/netbox/config/extra.py'
🧬 loaded config '/etc/netbox/config/logging.py'
🧬 loaded config '/etc/netbox/config/plugins.py'

[OK] Export complete: /tmp/ra_pipeline/training_xoc512_1xopg512_dual_plane_liquid_8srv/netbox/interface_connections.csv
  plan_id:    42
  sha256:     aa3065f33f0593cb7032eb261ae8faa235557565a8286afa328920094bdd9c5c
  bytes:      145210
  rows:       1728
