🧬 loaded config '/etc/netbox/config/configuration.py'
🧬 loaded config '/etc/netbox/config/extra.py'
🧬 loaded config '/etc/netbox/config/logging.py'
🧬 loaded config '/etc/netbox/config/plugins.py'
✓ Created site: Xoc512 4Xopg128 Clos Ro Liquid (xoc512-4xopg128-clos-ro-liquid)

Topology Plan: Training XOC-512 4x OPG-128 Clos RO Liquid 8srv
  ID: 74
  Status: draft
  Server Classes: 1
  Switch Classes: 4

✓ Recalculated switch quantities
  - be-rail-leaf: calculated=8 override=None effective=8
  - fe-leaf: calculated=2 override=None effective=2
  - be-spine: calculated=4 override=None effective=4
  - fe-spine: calculated=1 override=None effective=1

=== GENERATING OBJECTS ===

✓ Generation complete!

Created:
  Devices: 79
  Interfaces: 1280
  Cables: 960

  Site: Xoc512 4Xopg128 Clos Ro Liquid
  Status: planned

  Tagged with: hedgehog-generated
  Custom field: hedgehog_plan_id=74

💡 Next steps:
  - View devices in NetBox UI
  - Filter by tag: hedgehog-generated
  - Or custom field: hedgehog_plan_id=74
  - Check cable connections
🧬 loaded config '/etc/netbox/config/configuration.py'
🧬 loaded config '/etc/netbox/config/extra.py'
🧬 loaded config '/etc/netbox/config/logging.py'
🧬 loaded config '/etc/netbox/config/plugins.py'

[OK] Export complete: /tmp/ra_pipeline/training_xoc512_4xopg128_clos_ro_liquid_8srv/netbox/plan_inventory.json
  plan_id:    74
  sha256:     7be731a05801ad2772ac3f68983bcbb8524e10b1472c8ba09b838665d99d0c22
  bytes:      1586915
  lines:      65537
  devices:    79
  modules:    576
  interfaces: 2240
  cables:     960
🧬 loaded config '/etc/netbox/config/configuration.py'
🧬 loaded config '/etc/netbox/config/extra.py'
🧬 loaded config '/etc/netbox/config/logging.py'
🧬 loaded config '/etc/netbox/config/plugins.py'

[OK] Export complete: /tmp/ra_pipeline/training_xoc512_4xopg128_clos_ro_liquid_8srv/netbox/interface_connections.csv
  plan_id:    74
  sha256:     d729314b98e3418435d57f68ecdce57ca3d592c835bfb50e35bb8ee3d1f00e81
  bytes:      72942
  rows:       960
