🧬 loaded config '/etc/netbox/config/configuration.py'
🧬 loaded config '/etc/netbox/config/extra.py'
🧬 loaded config '/etc/netbox/config/logging.py'
🧬 loaded config '/etc/netbox/config/plugins.py'
✓ Created site: Opg256 Dp Liq (opg256-dp-liq)

Topology Plan: Training opg256 Dual Plane Liquid 8srv
  ID: 29
  Status: draft
  Server Classes: 1
  Switch Classes: 6

✓ Recalculated switch quantities
  - be-plane-a-leaf: calculated=4 override=None effective=4
  - be-plane-b-leaf: calculated=4 override=None effective=4
  - fe-leaf: calculated=2 override=None effective=2
  - be-plane-a-spine: calculated=2 override=None effective=2
  - be-plane-b-spine: calculated=2 override=None effective=2
  - fe-spine: calculated=1 override=None effective=1

=== GENERATING OBJECTS ===

✓ Generation complete!

Created:
  Devices: 47
  Interfaces: 1216
  Cables: 896

  Site: Opg256 Dp Liq
  Status: planned

  Tagged with: hedgehog-generated
  Custom field: hedgehog_plan_id=29

💡 Next steps:
  - View devices in NetBox UI
  - Filter by tag: hedgehog-generated
  - Or custom field: hedgehog_plan_id=29
  - Check cable connections
🧬 loaded config '/etc/netbox/config/configuration.py'
🧬 loaded config '/etc/netbox/config/extra.py'
🧬 loaded config '/etc/netbox/config/logging.py'
🧬 loaded config '/etc/netbox/config/plugins.py'

[OK] Export complete: /tmp/ra_pipeline/training_opg256_dual_plane_liquid_8srv/netbox/plan_inventory.json
  plan_id:    29
  sha256:     80be935547606e8b94d26605a0fd1d9d9d4a49fffdf1b02f971a5d6337d8eab7
  bytes:      1415196
  lines:      58049
  devices:    47
  modules:    288
  interfaces: 2112
  cables:     896
🧬 loaded config '/etc/netbox/config/configuration.py'
🧬 loaded config '/etc/netbox/config/extra.py'
🧬 loaded config '/etc/netbox/config/logging.py'
🧬 loaded config '/etc/netbox/config/plugins.py'

[OK] Export complete: /tmp/ra_pipeline/training_opg256_dual_plane_liquid_8srv/netbox/interface_connections.csv
  plan_id:    29
  sha256:     01187eb2ef16fb9ea18e78aa81c0a0f9b05950b37fafafce9afb1e22ac4cdaf5
  bytes:      73902
  rows:       896
