🧬 loaded config '/etc/netbox/config/configuration.py'
🧬 loaded config '/etc/netbox/config/extra.py'
🧬 loaded config '/etc/netbox/config/logging.py'
🧬 loaded config '/etc/netbox/config/plugins.py'
Exporting wiring YAML for plan: Training opg256 Dual Plane Liquid 8srv (ID: 29)

[OK] Export complete: /tmp/ra_pipeline/training_opg256_dual_plane_liquid_8srv/wiring_tmp/wiring-backend-plane-a.yaml
  plan_id:    29
  fabric:     backend-plane-a
  timestamp:  2026-03-13T17:53:00.813920+00:00
  sha256:     51855f4c3dc603ed48a673fbbb738f11f613f1baa8f7b719f8dca234e13e9b13
  bytes:      102806
  lines:      4618
  documents:  304

[OK] Export complete: /tmp/ra_pipeline/training_opg256_dual_plane_liquid_8srv/wiring_tmp/wiring-backend-plane-b.yaml
  plan_id:    29
  fabric:     backend-plane-b
  timestamp:  2026-03-13T17:53:19.286448+00:00
  sha256:     1b569f5ba229d0347076aa9d9148f8f1339fc463e5b2765b9345d82b66586dbf
  bytes:      102806
  lines:      4618
  documents:  304
