🧬 loaded config '/etc/netbox/config/configuration.py'
🧬 loaded config '/etc/netbox/config/extra.py'
🧬 loaded config '/etc/netbox/config/logging.py'
🧬 loaded config '/etc/netbox/config/plugins.py'
Exporting wiring YAML for plan: Training OPG-512 Dual Plane Liquid 8srv (ID: 63)

[OK] Export complete: /tmp/ra_pipeline/training_opg512_dual_plane_liquid_8srv/wiring_tmp/wiring-backend-plane-a.yaml
  plan_id:    63
  fabric:     backend-plane-a
  timestamp:  2026-03-14T04:15:51.935579+00:00
  sha256:     adbff6e94fc8497b26fca1e869babe8408dadbb52415f8c3ea5fadf2ff3c9050
  bytes:      207994
  lines:      9348
  documents:  622

[OK] Export complete: /tmp/ra_pipeline/training_opg512_dual_plane_liquid_8srv/wiring_tmp/wiring-backend-plane-b.yaml
  plan_id:    63
  fabric:     backend-plane-b
  timestamp:  2026-03-14T04:16:29.096847+00:00
  sha256:     26620f670bc6606636ff3699ecdd64fe799bfd4563c7877341e173af05fd12ec
  bytes:      207994
  lines:      9348
  documents:  622
