🧬 loaded config '/etc/netbox/config/configuration.py'
🧬 loaded config '/etc/netbox/config/extra.py'
🧬 loaded config '/etc/netbox/config/logging.py'
🧬 loaded config '/etc/netbox/config/plugins.py'
✓ Created site: Xoc512 4Xopg128 Clos Ro Air (xoc512-4xopg128-clos-ro-air)

Topology Plan: Training XOC-512 4x OPG-128 Clos RO Air 2srv
  ID: 72
  Status: draft
  Server Classes: 1
  Switch Classes: 4

✓ Recalculated switch quantities
  - be-rail-leaf: calculated=8 override=None effective=8
  - fe-leaf: calculated=2 override=None effective=2
  - be-spine: calculated=4 override=None effective=4
  - fe-spine: calculated=1 override=None effective=1

=== GENERATING OBJECTS ===

✓ Generation complete!

Created:
  Devices: 79
  Interfaces: 1280
  Cables: 960

  Site: Xoc512 4Xopg128 Clos Ro Air
  Status: planned

  Tagged with: hedgehog-generated
  Custom field: hedgehog_plan_id=72

💡 Next steps:
  - View devices in NetBox UI
  - Filter by tag: hedgehog-generated
  - Or custom field: hedgehog_plan_id=72
  - Check cable connections
🧬 loaded config '/etc/netbox/config/configuration.py'
🧬 loaded config '/etc/netbox/config/extra.py'
🧬 loaded config '/etc/netbox/config/logging.py'
🧬 loaded config '/etc/netbox/config/plugins.py'

[OK] Export complete: /tmp/ra_pipeline/training_xoc512_4xopg128_clos_ro_air_2srv/netbox/plan_inventory.json
  plan_id:    72
  sha256:     fb80c3a1077ee37005eb715555763f606087929b84a0d98aaf95de1810c6d7ca
  bytes:      1586675
  lines:      65537
  devices:    79
  modules:    576
  interfaces: 2240
  cables:     960
🧬 loaded config '/etc/netbox/config/configuration.py'
🧬 loaded config '/etc/netbox/config/extra.py'
🧬 loaded config '/etc/netbox/config/logging.py'
🧬 loaded config '/etc/netbox/config/plugins.py'

[OK] Export complete: /tmp/ra_pipeline/training_xoc512_4xopg128_clos_ro_air_2srv/netbox/interface_connections.csv
  plan_id:    72
  sha256:     7b0b34b3619150c01c46244f3bbbcfec655dcab3fe69c25775981de43e3fe7e8
  bytes:      72942
  rows:       960
