🧬 loaded config '/etc/netbox/config/configuration.py'
🧬 loaded config '/etc/netbox/config/extra.py'
🧬 loaded config '/etc/netbox/config/logging.py'
🧬 loaded config '/etc/netbox/config/plugins.py'
✓ Created site: Opg256 Clos Ro Liquid (opg256-clos-ro-liquid)

Topology Plan: Training opg256 Clos RO Liquid 8srv
  ID: 57
  Status: draft
  Server Classes: 1
  Switch Classes: 4

✓ Recalculated switch quantities
  - be-rail-leaf: calculated=4 override=None effective=4
  - fe-leaf: calculated=2 override=None effective=2
  - be-spine: calculated=2 override=None effective=2
  - fe-spine: calculated=1 override=None effective=1

=== GENERATING OBJECTS ===

✓ Generation complete!

Created:
  Devices: 41
  Interfaces: 704
  Cables: 512

  Site: Opg256 Clos Ro Liquid
  Status: planned

  Tagged with: hedgehog-generated
  Custom field: hedgehog_plan_id=57

💡 Next steps:
  - View devices in NetBox UI
  - Filter by tag: hedgehog-generated
  - Or custom field: hedgehog_plan_id=57
  - Check cable connections
🧬 loaded config '/etc/netbox/config/configuration.py'
🧬 loaded config '/etc/netbox/config/extra.py'
🧬 loaded config '/etc/netbox/config/logging.py'
🧬 loaded config '/etc/netbox/config/plugins.py'

[OK] Export complete: /tmp/ra_pipeline/training_opg256_clos_ro_liquid_8srv/netbox/plan_inventory.json
  plan_id:    57
  sha256:     414007521a60f3598b957ae95a6e81503be379fb930f0dafa86666015f78317b
  bytes:      844750
  lines:      35017
  devices:    41
  modules:    288
  interfaces: 1216
  cables:     512
🧬 loaded config '/etc/netbox/config/configuration.py'
🧬 loaded config '/etc/netbox/config/extra.py'
🧬 loaded config '/etc/netbox/config/logging.py'
🧬 loaded config '/etc/netbox/config/plugins.py'

[OK] Export complete: /tmp/ra_pipeline/training_opg256_clos_ro_liquid_8srv/netbox/interface_connections.csv
  plan_id:    57
  sha256:     fdbf52bf538a85750e37dbe2389ad9e0351dcc48190a0818e9ae10eb1f4013d6
  bytes:      38664
  rows:       512
