🧬 loaded config '/etc/netbox/config/configuration.py'
🧬 loaded config '/etc/netbox/config/extra.py'
🧬 loaded config '/etc/netbox/config/logging.py'
🧬 loaded config '/etc/netbox/config/plugins.py'
✓ Created site: Opg128 Sh Liq (opg128-sh-liq)

Topology Plan: Training opg128 Clos SH Liquid 8srv
  ID: 27
  Status: draft
  Server Classes: 1
  Switch Classes: 4

✓ Recalculated switch quantities
  - be-leaf: calculated=2 override=None effective=2
  - fe-leaf: calculated=2 override=None effective=2
  - be-spine: calculated=1 override=None effective=1
  - fe-spine: calculated=1 override=None effective=1

=== GENERATING OBJECTS ===

✓ Generation complete!

Created:
  Devices: 22
  Interfaces: 416
  Cables: 288

  Site: Opg128 Sh Liq
  Status: planned

  Tagged with: hedgehog-generated
  Custom field: hedgehog_plan_id=27

💡 Next steps:
  - View devices in NetBox UI
  - Filter by tag: hedgehog-generated
  - Or custom field: hedgehog_plan_id=27
  - Check cable connections
🧬 loaded config '/etc/netbox/config/configuration.py'
🧬 loaded config '/etc/netbox/config/extra.py'
🧬 loaded config '/etc/netbox/config/logging.py'
🧬 loaded config '/etc/netbox/config/plugins.py'

[OK] Export complete: /tmp/ra_pipeline/training_opg128_clos_sh_liquid_8srv/netbox/plan_inventory.json
  plan_id:    27
  sha256:     ee252a7a972c8d4a2895e06021e9c7bd1c196a384367c7395a26c0339689b4cb
  bytes:      471658
  lines:      19757
  devices:    22
  modules:    144
  interfaces: 704
  cables:     288
🧬 loaded config '/etc/netbox/config/configuration.py'
🧬 loaded config '/etc/netbox/config/extra.py'
🧬 loaded config '/etc/netbox/config/logging.py'
🧬 loaded config '/etc/netbox/config/plugins.py'

[OK] Export complete: /tmp/ra_pipeline/training_opg128_clos_sh_liquid_8srv/netbox/interface_connections.csv
  plan_id:    27
  sha256:     6d2f948a2f98011156f147d4b9959910c7f8ed316266a13dd663f71071be6cea
  bytes:      20285
  rows:       288
