🧬 loaded config '/etc/netbox/config/configuration.py'
🧬 loaded config '/etc/netbox/config/extra.py'
🧬 loaded config '/etc/netbox/config/logging.py'
🧬 loaded config '/etc/netbox/config/plugins.py'
✓ Created site: Xoc512 1Xopg512 Dual Plane Air (xoc512-1xopg512-dual-plane-air)

Topology Plan: Training XOC-512 1x OPG-512 Dual Plane Air 2srv
  ID: 69
  Status: draft
  Server Classes: 1
  Switch Classes: 6

✓ Recalculated switch quantities
  - be-plane-a-leaf: calculated=8 override=None effective=8
  - be-plane-b-leaf: calculated=8 override=None effective=8
  - fe-leaf: calculated=2 override=None effective=2
  - be-plane-a-spine: calculated=4 override=None effective=4
  - be-plane-b-spine: calculated=4 override=None effective=4
  - fe-spine: calculated=1 override=None effective=1

=== GENERATING OBJECTS ===

✓ Generation complete!

Created:
  Devices: 91
  Interfaces: 2304
  Cables: 1728

  Site: Xoc512 1Xopg512 Dual Plane Air
  Status: planned

  Tagged with: hedgehog-generated
  Custom field: hedgehog_plan_id=69

💡 Next steps:
  - View devices in NetBox UI
  - Filter by tag: hedgehog-generated
  - Or custom field: hedgehog_plan_id=69
  - Check cable connections
🧬 loaded config '/etc/netbox/config/configuration.py'
🧬 loaded config '/etc/netbox/config/extra.py'
🧬 loaded config '/etc/netbox/config/logging.py'
🧬 loaded config '/etc/netbox/config/plugins.py'

[OK] Export complete: /tmp/ra_pipeline/training_xoc512_1xopg512_dual_plane_air_2srv/netbox/plan_inventory.json
  plan_id:    69
  sha256:     024dad5ad6e8d9a2d537402aa49536a4c7370c5777046595a09a3289def64a0e
  bytes:      2736500
  lines:      111601
  devices:    91
  modules:    576
  interfaces: 4032
  cables:     1728
🧬 loaded config '/etc/netbox/config/configuration.py'
🧬 loaded config '/etc/netbox/config/extra.py'
🧬 loaded config '/etc/netbox/config/logging.py'
🧬 loaded config '/etc/netbox/config/plugins.py'

[OK] Export complete: /tmp/ra_pipeline/training_xoc512_1xopg512_dual_plane_air_2srv/netbox/interface_connections.csv
  plan_id:    69
  sha256:     aa55c3e5c64a479fe65af1e107a35e5cb1a8bba7dab1e69849544a88ad6cfd0d
  bytes:      145210
  rows:       1728
