🧬 loaded config '/etc/netbox/config/configuration.py'
🧬 loaded config '/etc/netbox/config/extra.py'
🧬 loaded config '/etc/netbox/config/logging.py'
🧬 loaded config '/etc/netbox/config/plugins.py'
✓ Created site: Opg512 Dual Plane Air (opg512-dual-plane-air)

Topology Plan: Training OPG-512 Dual Plane Air 2srv
  ID: 61
  Status: draft
  Server Classes: 1
  Switch Classes: 6

✓ Recalculated switch quantities
  - be-plane-a-leaf: calculated=8 override=None effective=8
  - be-plane-b-leaf: calculated=8 override=None effective=8
  - fe-leaf: calculated=2 override=None effective=2
  - be-plane-a-spine: calculated=4 override=None effective=4
  - be-plane-b-spine: calculated=4 override=None effective=4
  - fe-spine: calculated=1 override=None effective=1

=== GENERATING OBJECTS ===

✓ Generation complete!

Created:
  Devices: 91
  Interfaces: 2304
  Cables: 1728

  Site: Opg512 Dual Plane Air
  Status: planned

  Tagged with: hedgehog-generated
  Custom field: hedgehog_plan_id=61

💡 Next steps:
  - View devices in NetBox UI
  - Filter by tag: hedgehog-generated
  - Or custom field: hedgehog_plan_id=61
  - Check cable connections
🧬 loaded config '/etc/netbox/config/configuration.py'
🧬 loaded config '/etc/netbox/config/extra.py'
🧬 loaded config '/etc/netbox/config/logging.py'
🧬 loaded config '/etc/netbox/config/plugins.py'

[OK] Export complete: /tmp/ra_pipeline/training_opg512_dual_plane_air_2srv/netbox/plan_inventory.json
  plan_id:    61
  sha256:     99dc009db321121c928462b6b9a9f10f5894f2bb0bdcd1fe8afde315205872a5
  bytes:      2735670
  lines:      111601
  devices:    91
  modules:    576
  interfaces: 4032
  cables:     1728
🧬 loaded config '/etc/netbox/config/configuration.py'
🧬 loaded config '/etc/netbox/config/extra.py'
🧬 loaded config '/etc/netbox/config/logging.py'
🧬 loaded config '/etc/netbox/config/plugins.py'

[OK] Export complete: /tmp/ra_pipeline/training_opg512_dual_plane_air_2srv/netbox/interface_connections.csv
  plan_id:    61
  sha256:     d836d4eea64f4fabf06d2ce7811e024e43dd836c4f73a65c1b72618a5dcf9211
  bytes:      145210
  rows:       1728
