🧬 loaded config '/etc/netbox/config/configuration.py'
🧬 loaded config '/etc/netbox/config/extra.py'
🧬 loaded config '/etc/netbox/config/logging.py'
🧬 loaded config '/etc/netbox/config/plugins.py'
✓ Created site: Xoc512 4X Sh Liq (xoc512-4x-sh-liq)

Topology Plan: Training XOC-512 4x OPG-128 Clos SH Liquid 8srv
  ID: 46
  Status: draft
  Server Classes: 1
  Switch Classes: 4

✓ Recalculated switch quantities
  - be-leaf: calculated=8 override=None effective=8
  - fe-leaf: calculated=2 override=None effective=2
  - be-spine: calculated=4 override=None effective=4
  - fe-spine: calculated=1 override=None effective=1

=== GENERATING OBJECTS ===

✓ Generation complete!

Created:
  Devices: 79
  Interfaces: 1280
  Cables: 960

  Site: Xoc512 4X Sh Liq
  Status: planned

  Tagged with: hedgehog-generated
  Custom field: hedgehog_plan_id=46

💡 Next steps:
  - View devices in NetBox UI
  - Filter by tag: hedgehog-generated
  - Or custom field: hedgehog_plan_id=46
  - Check cable connections
🧬 loaded config '/etc/netbox/config/configuration.py'
🧬 loaded config '/etc/netbox/config/extra.py'
🧬 loaded config '/etc/netbox/config/logging.py'
🧬 loaded config '/etc/netbox/config/plugins.py'

[OK] Export complete: /tmp/ra_pipeline/training_xoc512_4xopg128_clos_sh_liquid_8srv/netbox/plan_inventory.json
  plan_id:    46
  sha256:     97077521c397ae41758c9a47049968fcc6b1dd6543bb6a141e05da86e5d1ea50
  bytes:      1572609
  lines:      65537
  devices:    79
  modules:    576
  interfaces: 2240
  cables:     960
🧬 loaded config '/etc/netbox/config/configuration.py'
🧬 loaded config '/etc/netbox/config/extra.py'
🧬 loaded config '/etc/netbox/config/logging.py'
🧬 loaded config '/etc/netbox/config/plugins.py'

[OK] Export complete: /tmp/ra_pipeline/training_xoc512_4xopg128_clos_sh_liquid_8srv/netbox/interface_connections.csv
  plan_id:    46
  sha256:     4b503bf409c3df9769dde4c89458242cf09548f87fd2edcf491468f914f36cae
  bytes:      69102
  rows:       960
