🧬 loaded config '/etc/netbox/config/configuration.py'
🧬 loaded config '/etc/netbox/config/extra.py'
🧬 loaded config '/etc/netbox/config/logging.py'
🧬 loaded config '/etc/netbox/config/plugins.py'

Topology Plan: Training OPG-64 Clos RO Air 2srv
  ID: 20
  Status: draft
  Server Classes: 1
  Switch Classes: 4

✓ Recalculated switch quantities
  - be-rail-leaf: calculated=1 override=None effective=1
  - fe-leaf: calculated=2 override=None effective=2
  - be-spine: calculated=1 override=None effective=1
  - fe-spine: calculated=1 override=None effective=1

=== GENERATING OBJECTS ===

✓ Generation complete!

Created:
  Devices: 13
  Interfaces: 272
  Cables: 176

  Site: Opg64 Ro Air
  Status: planned

  Tagged with: hedgehog-generated
  Custom field: hedgehog_plan_id=20

💡 Next steps:
  - View devices in NetBox UI
  - Filter by tag: hedgehog-generated
  - Or custom field: hedgehog_plan_id=20
  - Check cable connections
🧬 loaded config '/etc/netbox/config/configuration.py'
🧬 loaded config '/etc/netbox/config/extra.py'
🧬 loaded config '/etc/netbox/config/logging.py'
🧬 loaded config '/etc/netbox/config/plugins.py'

[OK] Export complete: /tmp/ra_pipeline/training_opg64_clos_ro_air_2srv/netbox/plan_inventory.json
  plan_id:    20
  sha256:     5e7d1a61754b791f4838e6b38dfa7f48531b2a64938131e8cffe8c3a7f464431
  bytes:      297976
  lines:      12489
  devices:    13
  modules:    72
  interfaces: 480
  cables:     176
🧬 loaded config '/etc/netbox/config/configuration.py'
🧬 loaded config '/etc/netbox/config/extra.py'
🧬 loaded config '/etc/netbox/config/logging.py'
🧬 loaded config '/etc/netbox/config/plugins.py'

[OK] Export complete: /tmp/ra_pipeline/training_opg64_clos_ro_air_2srv/netbox/interface_connections.csv
  plan_id:    20
  sha256:     16777782c29f1e872c33d2898c5606297069cdd24809440b241fb5ed53d4c777
  bytes:      12799
  rows:       176
