🧬 loaded config '/etc/netbox/config/configuration.py'
🧬 loaded config '/etc/netbox/config/extra.py'
🧬 loaded config '/etc/netbox/config/logging.py'
🧬 loaded config '/etc/netbox/config/plugins.py'
✓ Created site: Xoc256 2Xopg128 Clos Sh Air (xoc256-2xopg128-clos-sh-air)

Topology Plan: Training XOC-256 2x OPG-128 Clos SH Air 2srv
  ID: 65
  Status: draft
  Server Classes: 1
  Switch Classes: 4

✓ Recalculated switch quantities
  - be-leaf: calculated=4 override=None effective=4
  - fe-leaf: calculated=2 override=None effective=2
  - be-spine: calculated=2 override=None effective=2
  - fe-spine: calculated=1 override=None effective=1

=== GENERATING OBJECTS ===

✓ Generation complete!

Created:
  Devices: 41
  Interfaces: 704
  Cables: 512

  Site: Xoc256 2Xopg128 Clos Sh Air
  Status: planned

  Tagged with: hedgehog-generated
  Custom field: hedgehog_plan_id=65

💡 Next steps:
  - View devices in NetBox UI
  - Filter by tag: hedgehog-generated
  - Or custom field: hedgehog_plan_id=65
  - Check cable connections
🧬 loaded config '/etc/netbox/config/configuration.py'
🧬 loaded config '/etc/netbox/config/extra.py'
🧬 loaded config '/etc/netbox/config/logging.py'
🧬 loaded config '/etc/netbox/config/plugins.py'

[OK] Export complete: /tmp/ra_pipeline/training_xoc256_2xopg128_clos_sh_air_2srv/netbox/plan_inventory.json
  plan_id:    65
  sha256:     0cd7b6cb2ccb49cd16d0acb14367ba74c75c0ea6497a2862984622c2a76e39b7
  bytes:      840485
  lines:      35017
  devices:    41
  modules:    288
  interfaces: 1216
  cables:     512
🧬 loaded config '/etc/netbox/config/configuration.py'
🧬 loaded config '/etc/netbox/config/extra.py'
🧬 loaded config '/etc/netbox/config/logging.py'
🧬 loaded config '/etc/netbox/config/plugins.py'

[OK] Export complete: /tmp/ra_pipeline/training_xoc256_2xopg128_clos_sh_air_2srv/netbox/interface_connections.csv
  plan_id:    65
  sha256:     9b22f5675a2856d556aaa2cfc2703e78feda6be2bb5f5d2bfb62e3c79dd55be8
  bytes:      36744
  rows:       512
